{"C:\\Users\\Artemiy\\Desktop\\curseNodeJs\\appNode\\src\\app.ts": {"path":"C:\\Users\\Artemiy\\Desktop\\curseNodeJs\\appNode\\src\\app.ts","statementMap":{"0":{"start":{"line":1,"column":0},"end":{"line":1,"column":26}},"1":{"start":{"line":3,"column":0},"end":{"line":3,"column":51}},"2":{"start":{"line":7,"column":0},"end":{"line":7,"column":47}},"3":{"start":{"line":8,"column":0},"end":{"line":8,"column":32}},"4":{"start":{"line":11,"column":0},"end":{"line":11,"column":58}},"5":{"start":{"line":15,"column":0},"end":{"line":58,"column":null}},"6":{"start":{"line":21,"column":33},"end":{"line":21,"column":48}},"7":{"start":{"line":22,"column":40},"end":{"line":22,"column":70}},"8":{"start":{"line":23,"column":40},"end":{"line":23,"column":71}},"9":{"start":{"line":24,"column":39},"end":{"line":24,"column":67}},"10":{"start":{"line":25,"column":39},"end":{"line":25,"column":68}},"11":{"start":{"line":27,"column":2},"end":{"line":27,"column":23}},"12":{"start":{"line":28,"column":2},"end":{"line":28,"column":19}},"13":{"start":{"line":29,"column":2},"end":{"line":29,"column":23}},"14":{"start":{"line":33,"column":2},"end":{"line":33,"column":31}},"15":{"start":{"line":34,"column":25},"end":{"line":34,"column":77}},"16":{"start":{"line":35,"column":2},"end":{"line":35,"column":59}},"17":{"start":{"line":39,"column":2},"end":{"line":39,"column":53}},"18":{"start":{"line":43,"column":2},"end":{"line":43,"column":68}},"19":{"start":{"line":47,"column":2},"end":{"line":47,"column":23}},"20":{"start":{"line":48,"column":2},"end":{"line":48,"column":19}},"21":{"start":{"line":49,"column":2},"end":{"line":49,"column":28}},"22":{"start":{"line":50,"column":2},"end":{"line":50,"column":37}},"23":{"start":{"line":51,"column":2},"end":{"line":51,"column":43}},"24":{"start":{"line":52,"column":2},"end":{"line":52,"column":69}},"25":{"start":{"line":56,"column":2},"end":{"line":56,"column":23}},"26":{"start":{"line":15,"column":13},"end":{"line":58,"column":null}},"27":{"start":{"line":15,"column":13},"end":{"line":15,"column":16}}},"fnMap":{"0":{"name":"(anonymous_11)","decl":{"start":{"line":20,"column":1},"end":{"line":20,"column":null}},"loc":{"start":{"line":25,"column":68},"end":{"line":30,"column":2}}},"1":{"name":"(anonymous_12)","decl":{"start":{"line":32,"column":1},"end":{"line":32,"column":14}},"loc":{"start":{"line":32,"column":14},"end":{"line":36,"column":2}}},"2":{"name":"(anonymous_13)","decl":{"start":{"line":38,"column":1},"end":{"line":38,"column":10}},"loc":{"start":{"line":38,"column":10},"end":{"line":40,"column":2}}},"3":{"name":"(anonymous_14)","decl":{"start":{"line":42,"column":1},"end":{"line":42,"column":19}},"loc":{"start":{"line":42,"column":19},"end":{"line":44,"column":2}}},"4":{"name":"(anonymous_15)","decl":{"start":{"line":46,"column":14},"end":{"line":46,"column":18}},"loc":{"start":{"line":46,"column":18},"end":{"line":53,"column":null}}},"5":{"name":"(anonymous_17)","decl":{"start":{"line":55,"column":8},"end":{"line":55,"column":13}},"loc":{"start":{"line":55,"column":13},"end":{"line":57,"column":2}}}},"branchMap":{"0":{"loc":{"start":{"line":56,"column":2},"end":{"line":56,"column":22}},"type":"cond-expr","locations":[{"start":{"line":56,"column":13},"end":{"line":56,"column":15}},{"start":{"line":56,"column":13},"end":{"line":56,"column":22}}]},"1":{"loc":{"start":{"line":56,"column":2},"end":{"line":56,"column":15}},"type":"binary-expr","locations":[{"start":{"line":56,"column":2},"end":{"line":56,"column":15}},{"start":{"line":56,"column":13},"end":{"line":56,"column":15}}]}},"s":{"0":1,"1":1,"2":1,"3":1,"4":1,"5":1,"6":1,"7":1,"8":1,"9":1,"10":1,"11":1,"12":1,"13":1,"14":1,"15":1,"16":1,"17":1,"18":1,"19":1,"20":1,"21":1,"22":1,"23":1,"24":1,"25":1,"26":1,"27":1},"f":{"0":1,"1":1,"2":1,"3":1,"4":1,"5":1},"b":{"0":[0,1],"1":[1,1]}}
,"C:\\Users\\Artemiy\\Desktop\\curseNodeJs\\appNode\\src\\main.ts": {"path":"C:\\Users\\Artemiy\\Desktop\\curseNodeJs\\appNode\\src\\main.ts","statementMap":{"0":{"start":{"line":1,"column":0},"end":{"line":1,"column":67}},"1":{"start":{"line":2,"column":0},"end":{"line":2,"column":28}},"2":{"start":{"line":3,"column":0},"end":{"line":3,"column":58}},"3":{"start":{"line":4,"column":0},"end":{"line":4,"column":56}},"4":{"start":{"line":5,"column":0},"end":{"line":5,"column":58}},"5":{"start":{"line":7,"column":0},"end":{"line":7,"column":32}},"6":{"start":{"line":11,"column":0},"end":{"line":11,"column":52}},"7":{"start":{"line":13,"column":0},"end":{"line":13,"column":56}},"8":{"start":{"line":14,"column":0},"end":{"line":14,"column":58}},"9":{"start":{"line":16,"column":0},"end":{"line":16,"column":59}},"10":{"start":{"line":23,"column":13},"end":{"line":32,"column":3}},"11":{"start":{"line":24,"column":1},"end":{"line":24,"column":67}},"12":{"start":{"line":25,"column":1},"end":{"line":25,"column":83}},"13":{"start":{"line":26,"column":1},"end":{"line":26,"column":65}},"14":{"start":{"line":27,"column":1},"end":{"line":27,"column":61}},"15":{"start":{"line":28,"column":1},"end":{"line":28,"column":79}},"16":{"start":{"line":29,"column":1},"end":{"line":29,"column":74}},"17":{"start":{"line":30,"column":1},"end":{"line":30,"column":86}},"18":{"start":{"line":31,"column":1},"end":{"line":31,"column":38}},"19":{"start":{"line":35,"column":22},"end":{"line":35,"column":37}},"20":{"start":{"line":36,"column":1},"end":{"line":36,"column":31}},"21":{"start":{"line":37,"column":13},"end":{"line":37,"column":53}},"22":{"start":{"line":38,"column":1},"end":{"line":38,"column":18}},"23":{"start":{"line":39,"column":1},"end":{"line":39,"column":30}},"24":{"start":{"line":42,"column":13},"end":{"line":42,"column":32}}},"fnMap":{"0":{"name":"(anonymous_7)","decl":{"start":{"line":23,"column":46},"end":{"line":23,"column":47}},"loc":{"start":{"line":23,"column":72},"end":{"line":32,"column":1}}},"1":{"name":"bootstrap","decl":{"start":{"line":34,"column":15},"end":{"line":34,"column":24}},"loc":{"start":{"line":34,"column":24},"end":{"line":40,"column":null}}}},"branchMap":{},"s":{"0":1,"1":1,"2":1,"3":1,"4":1,"5":1,"6":1,"7":1,"8":1,"9":1,"10":1,"11":1,"12":1,"13":1,"14":1,"15":1,"16":1,"17":1,"18":1,"19":1,"20":1,"21":1,"22":1,"23":1,"24":1},"f":{"0":1,"1":1},"b":{}}
,"C:\\Users\\Artemiy\\Desktop\\curseNodeJs\\appNode\\src\\types.ts": {"path":"C:\\Users\\Artemiy\\Desktop\\curseNodeJs\\appNode\\src\\types.ts","statementMap":{"0":{"start":{"line":1,"column":13},"end":{"line":10,"column":2}}},"fnMap":{},"branchMap":{},"s":{"0":1},"f":{},"b":{}}
,"C:\\Users\\Artemiy\\Desktop\\curseNodeJs\\appNode\\src\\common\\auth.middleware.ts": {"path":"C:\\Users\\Artemiy\\Desktop\\curseNodeJs\\appNode\\src\\common\\auth.middleware.ts","statementMap":{"0":{"start":{"line":3,"column":0},"end":{"line":3,"column":50}},"1":{"start":{"line":6,"column":21},"end":{"line":6,"column":47}},"2":{"start":{"line":9,"column":2},"end":{"line":22,"column":null}},"3":{"start":{"line":10,"column":3},"end":{"line":19,"column":null}},"4":{"start":{"line":11,"column":4},"end":{"line":18,"column":7}},"5":{"start":{"line":12,"column":5},"end":{"line":17,"column":null}},"6":{"start":{"line":13,"column":6},"end":{"line":13,"column":13}},"7":{"start":{"line":14,"column":12},"end":{"line":17,"column":null}},"8":{"start":{"line":15,"column":6},"end":{"line":15,"column":47}},"9":{"start":{"line":16,"column":6},"end":{"line":16,"column":13}},"10":{"start":{"line":21,"column":3},"end":{"line":21,"column":10}},"11":{"start":{"line":5,"column":0},"end":{"line":5,"column":13}}},"fnMap":{"0":{"name":"(anonymous_0)","decl":{"start":{"line":6,"column":1},"end":{"line":6,"column":21}},"loc":{"start":{"line":6,"column":47},"end":{"line":6,"column":51}}},"1":{"name":"(anonymous_1)","decl":{"start":{"line":8,"column":1},"end":{"line":8,"column":7}},"loc":{"start":{"line":8,"column":55},"end":{"line":23,"column":2}}},"2":{"name":"(anonymous_2)","decl":{"start":{"line":11,"column":65},"end":{"line":11,"column":66}},"loc":{"start":{"line":11,"column":82},"end":{"line":18,"column":5}}}},"branchMap":{"0":{"loc":{"start":{"line":9,"column":2},"end":{"line":22,"column":null}},"type":"if","locations":[{"start":{"line":9,"column":2},"end":{"line":22,"column":null}},{"start":{"line":20,"column":9},"end":{"line":22,"column":null}}]},"1":{"loc":{"start":{"line":10,"column":3},"end":{"line":19,"column":null}},"type":"if","locations":[{"start":{"line":10,"column":3},"end":{"line":19,"column":null}}]},"2":{"loc":{"start":{"line":12,"column":5},"end":{"line":17,"column":null}},"type":"if","locations":[{"start":{"line":12,"column":5},"end":{"line":17,"column":null}},{"start":{"line":14,"column":12},"end":{"line":17,"column":null}}]},"3":{"loc":{"start":{"line":14,"column":12},"end":{"line":17,"column":null}},"type":"if","locations":[{"start":{"line":14,"column":12},"end":{"line":17,"column":null}}]}},"s":{"0":1,"1":1,"2":7,"3":2,"4":2,"5":2,"6":1,"7":1,"8":1,"9":1,"10":5,"11":1},"f":{"0":1,"1":7,"2":2},"b":{"0":[2,5],"1":[2],"2":[1,1],"3":[1]}}
,"C:\\Users\\Artemiy\\Desktop\\curseNodeJs\\appNode\\src\\common\\base.controller.ts": {"path":"C:\\Users\\Artemiy\\Desktop\\curseNodeJs\\appNode\\src\\common\\base.controller.ts","statementMap":{"0":{"start":{"line":1,"column":0},"end":{"line":1,"column":43}},"1":{"start":{"line":4,"column":0},"end":{"line":4,"column":39}},"2":{"start":{"line":7,"column":0},"end":{"line":39,"column":null}},"3":{"start":{"line":9,"column":21},"end":{"line":9,"column":36}},"4":{"start":{"line":10,"column":2},"end":{"line":10,"column":26}},"5":{"start":{"line":14,"column":2},"end":{"line":14,"column":22}},"6":{"start":{"line":18,"column":2},"end":{"line":18,"column":31}},"7":{"start":{"line":19,"column":2},"end":{"line":19,"column":40}},"8":{"start":{"line":23,"column":2},"end":{"line":23,"column":41}},"9":{"start":{"line":27,"column":2},"end":{"line":27,"column":29}},"10":{"start":{"line":31,"column":2},"end":{"line":37,"column":null}},"11":{"start":{"line":32,"column":3},"end":{"line":32,"column":54}},"12":{"start":{"line":33,"column":22},"end":{"line":33,"column":69}},"13":{"start":{"line":33,"column":52},"end":{"line":33,"column":68}},"14":{"start":{"line":34,"column":19},"end":{"line":34,"column":40}},"15":{"start":{"line":35,"column":20},"end":{"line":35,"column":67}},"16":{"start":{"line":36,"column":3},"end":{"line":36,"column":51}},"17":{"start":{"line":7,"column":22},"end":{"line":39,"column":null}},"18":{"start":{"line":7,"column":22},"end":{"line":7,"column":36}}},"fnMap":{"0":{"name":"(anonymous_1)","decl":{"start":{"line":9,"column":1},"end":{"line":9,"column":21}},"loc":{"start":{"line":9,"column":36},"end":{"line":11,"column":2}}},"1":{"name":"(anonymous_2)","decl":{"start":{"line":13,"column":1},"end":{"line":13,"column":5}},"loc":{"start":{"line":13,"column":11},"end":{"line":15,"column":2}}},"2":{"name":"(anonymous_3)","decl":{"start":{"line":17,"column":8},"end":{"line":17,"column":12}},"loc":{"start":{"line":17,"column":55},"end":{"line":20,"column":2}}},"3":{"name":"(anonymous_4)","decl":{"start":{"line":22,"column":8},"end":{"line":22,"column":10}},"loc":{"start":{"line":22,"column":39},"end":{"line":24,"column":2}}},"4":{"name":"(anonymous_5)","decl":{"start":{"line":26,"column":8},"end":{"line":26,"column":15}},"loc":{"start":{"line":26,"column":29},"end":{"line":28,"column":2}}},"5":{"name":"(anonymous_6)","decl":{"start":{"line":30,"column":11},"end":{"line":30,"column":21}},"loc":{"start":{"line":30,"column":48},"end":{"line":38,"column":2}}},"6":{"name":"(anonymous_7)","decl":{"start":{"line":33,"column":45},"end":{"line":33,"column":46}},"loc":{"start":{"line":33,"column":52},"end":{"line":33,"column":68}}}},"branchMap":{"0":{"loc":{"start":{"line":33,"column":22},"end":{"line":33,"column":69}},"type":"cond-expr","locations":[{"start":{"line":33,"column":39},"end":{"line":33,"column":41}},{"start":{"line":33,"column":39},"end":{"line":33,"column":69}}]},"1":{"loc":{"start":{"line":33,"column":22},"end":{"line":33,"column":41}},"type":"binary-expr","locations":[{"start":{"line":33,"column":22},"end":{"line":33,"column":41}},{"start":{"line":33,"column":39},"end":{"line":33,"column":41}}]},"2":{"loc":{"start":{"line":35,"column":20},"end":{"line":35,"column":67}},"type":"cond-expr","locations":[{"start":{"line":35,"column":33},"end":{"line":35,"column":57}},{"start":{"line":35,"column":60},"end":{"line":35,"column":67}}]}},"s":{"0":1,"1":1,"2":1,"3":1,"4":1,"5":4,"6":4,"7":4,"8":4,"9":0,"10":1,"11":3,"12":3,"13":3,"14":3,"15":3,"16":3,"17":1,"18":1},"f":{"0":1,"1":4,"2":4,"3":4,"4":0,"5":1,"6":3},"b":{"0":[0,3],"1":[3,3],"2":[3,0]}}
,"C:\\Users\\Artemiy\\Desktop\\curseNodeJs\\appNode\\src\\common\\guard.middleware.ts": {"path":"C:\\Users\\Artemiy\\Desktop\\curseNodeJs\\appNode\\src\\common\\guard.middleware.ts","statementMap":{"0":{"start":{"line":6,"column":2},"end":{"line":8,"column":null}},"1":{"start":{"line":7,"column":3},"end":{"line":7,"column":17}},"2":{"start":{"line":9,"column":2},"end":{"line":9,"column":55}},"3":{"start":{"line":4,"column":0},"end":{"line":4,"column":13}}},"fnMap":{"0":{"name":"(anonymous_0)","decl":{"start":{"line":5,"column":1},"end":{"line":5,"column":7}},"loc":{"start":{"line":5,"column":60},"end":{"line":10,"column":2}}}},"branchMap":{"0":{"loc":{"start":{"line":6,"column":2},"end":{"line":8,"column":null}},"type":"if","locations":[{"start":{"line":6,"column":2},"end":{"line":8,"column":null}}]}},"s":{"0":2,"1":1,"2":1,"3":1},"f":{"0":2},"b":{"0":[1]}}
,"C:\\Users\\Artemiy\\Desktop\\curseNodeJs\\appNode\\src\\common\\validate.middleware.ts": {"path":"C:\\Users\\Artemiy\\Desktop\\curseNodeJs\\appNode\\src\\common\\validate.middleware.ts","statementMap":{"0":{"start":{"line":3,"column":0},"end":{"line":3,"column":67}},"1":{"start":{"line":4,"column":0},"end":{"line":4,"column":43}},"2":{"start":{"line":7,"column":21},"end":{"line":7,"column":62}},"3":{"start":{"line":10,"column":19},"end":{"line":10,"column":59}},"4":{"start":{"line":11,"column":2},"end":{"line":17,"column":5}},"5":{"start":{"line":12,"column":3},"end":{"line":16,"column":null}},"6":{"start":{"line":13,"column":4},"end":{"line":13,"column":33}},"7":{"start":{"line":15,"column":4},"end":{"line":15,"column":11}},"8":{"start":{"line":6,"column":0},"end":{"line":6,"column":13}}},"fnMap":{"0":{"name":"(anonymous_0)","decl":{"start":{"line":7,"column":1},"end":{"line":7,"column":21}},"loc":{"start":{"line":7,"column":62},"end":{"line":7,"column":66}}},"1":{"name":"(anonymous_1)","decl":{"start":{"line":9,"column":1},"end":{"line":9,"column":7}},"loc":{"start":{"line":9,"column":60},"end":{"line":18,"column":2}}},"2":{"name":"(anonymous_2)","decl":{"start":{"line":11,"column":26},"end":{"line":11,"column":27}},"loc":{"start":{"line":11,"column":37},"end":{"line":17,"column":3}}}},"branchMap":{"0":{"loc":{"start":{"line":12,"column":3},"end":{"line":16,"column":null}},"type":"if","locations":[{"start":{"line":12,"column":3},"end":{"line":16,"column":null}},{"start":{"line":14,"column":10},"end":{"line":16,"column":null}}]}},"s":{"0":1,"1":1,"2":2,"3":5,"4":5,"5":5,"6":1,"7":4,"8":1},"f":{"0":2,"1":5,"2":5},"b":{"0":[1,4]}}
,"C:\\Users\\Artemiy\\Desktop\\curseNodeJs\\appNode\\src\\config\\config.service.ts": {"path":"C:\\Users\\Artemiy\\Desktop\\curseNodeJs\\appNode\\src\\config\\config.service.ts","statementMap":{"0":{"start":{"line":1,"column":0},"end":{"line":1,"column":52}},"1":{"start":{"line":3,"column":0},"end":{"line":3,"column":47}},"2":{"start":{"line":4,"column":0},"end":{"line":4,"column":33}},"3":{"start":{"line":8,"column":0},"end":{"line":22,"column":null}},"4":{"start":{"line":10,"column":44},"end":{"line":10,"column":59}},"5":{"start":{"line":11,"column":37},"end":{"line":11,"column":45}},"6":{"start":{"line":12,"column":2},"end":{"line":16,"column":null}},"7":{"start":{"line":13,"column":3},"end":{"line":13,"column":74}},"8":{"start":{"line":15,"column":3},"end":{"line":15,"column":53}},"9":{"start":{"line":20,"column":2},"end":{"line":20,"column":92}},"10":{"start":{"line":20,"column":19},"end":{"line":20,"column":92}},"11":{"start":{"line":8,"column":13},"end":{"line":22,"column":null}},"12":{"start":{"line":8,"column":13},"end":{"line":8,"column":26}}},"fnMap":{"0":{"name":"(anonymous_3)","decl":{"start":{"line":10,"column":1},"end":{"line":10,"column":14}},"loc":{"start":{"line":10,"column":59},"end":{"line":17,"column":2}}},"1":{"name":"(anonymous_4)","decl":{"start":{"line":19,"column":1},"end":{"line":19,"column":4}},"loc":{"start":{"line":19,"column":16},"end":{"line":21,"column":2}}}},"branchMap":{"0":{"loc":{"start":{"line":12,"column":2},"end":{"line":16,"column":null}},"type":"if","locations":[{"start":{"line":12,"column":2},"end":{"line":16,"column":null}},{"start":{"line":14,"column":9},"end":{"line":16,"column":null}}]},"1":{"loc":{"start":{"line":20,"column":2},"end":{"line":20,"column":92}},"type":"if","locations":[{"start":{"line":20,"column":2},"end":{"line":20,"column":92}}]}},"s":{"0":1,"1":1,"2":1,"3":1,"4":3,"5":3,"6":3,"7":0,"8":3,"9":5,"10":5,"11":1,"12":1},"f":{"0":3,"1":5},"b":{"0":[0,3],"1":[5]}}
,"C:\\Users\\Artemiy\\Desktop\\curseNodeJs\\appNode\\src\\database\\prisma.service.ts": {"path":"C:\\Users\\Artemiy\\Desktop\\curseNodeJs\\appNode\\src\\database\\prisma.service.ts","statementMap":{"0":{"start":{"line":1,"column":0},"end":{"line":1,"column":46}},"1":{"start":{"line":2,"column":0},"end":{"line":2,"column":47}},"2":{"start":{"line":4,"column":0},"end":{"line":4,"column":33}},"3":{"start":{"line":7,"column":0},"end":{"line":26,"column":null}},"4":{"start":{"line":10,"column":44},"end":{"line":10,"column":59}},"5":{"start":{"line":11,"column":2},"end":{"line":11,"column":35}},"6":{"start":{"line":15,"column":2},"end":{"line":21,"column":null}},"7":{"start":{"line":16,"column":3},"end":{"line":16,"column":32}},"8":{"start":{"line":17,"column":3},"end":{"line":17,"column":73}},"9":{"start":{"line":19,"column":3},"end":{"line":20,"column":92}},"10":{"start":{"line":20,"column":4},"end":{"line":20,"column":92}},"11":{"start":{"line":24,"column":2},"end":{"line":24,"column":34}},"12":{"start":{"line":7,"column":13},"end":{"line":26,"column":null}},"13":{"start":{"line":7,"column":13},"end":{"line":7,"column":26}}},"fnMap":{"0":{"name":"(anonymous_10)","decl":{"start":{"line":10,"column":1},"end":{"line":10,"column":14}},"loc":{"start":{"line":10,"column":59},"end":{"line":12,"column":2}}},"1":{"name":"(anonymous_11)","decl":{"start":{"line":14,"column":7},"end":{"line":14,"column":14}},"loc":{"start":{"line":14,"column":14},"end":{"line":22,"column":null}}},"2":{"name":"(anonymous_13)","decl":{"start":{"line":23,"column":7},"end":{"line":23,"column":17}},"loc":{"start":{"line":23,"column":17},"end":{"line":25,"column":null}}}},"branchMap":{"0":{"loc":{"start":{"line":19,"column":3},"end":{"line":20,"column":92}},"type":"if","locations":[{"start":{"line":19,"column":3},"end":{"line":20,"column":92}}]}},"s":{"0":1,"1":1,"2":1,"3":1,"4":1,"5":1,"6":1,"7":1,"8":1,"9":0,"10":0,"11":0,"12":1,"13":1},"f":{"0":1,"1":1,"2":0},"b":{"0":[0]}}
,"C:\\Users\\Artemiy\\Desktop\\curseNodeJs\\appNode\\src\\errors\\exeption.filter.ts": {"path":"C:\\Users\\Artemiy\\Desktop\\curseNodeJs\\appNode\\src\\errors\\exeption.filter.ts","statementMap":{"0":{"start":{"line":3,"column":0},"end":{"line":3,"column":47}},"1":{"start":{"line":4,"column":0},"end":{"line":4,"column":47}},"2":{"start":{"line":6,"column":0},"end":{"line":6,"column":33}},"3":{"start":{"line":9,"column":0},"end":{"line":20,"column":null}},"4":{"start":{"line":10,"column":44},"end":{"line":10,"column":59}},"5":{"start":{"line":12,"column":2},"end":{"line":18,"column":null}},"6":{"start":{"line":13,"column":3},"end":{"line":13,"column":82}},"7":{"start":{"line":14,"column":3},"end":{"line":14,"column":57}},"8":{"start":{"line":16,"column":3},"end":{"line":16,"column":39}},"9":{"start":{"line":17,"column":3},"end":{"line":17,"column":46}},"10":{"start":{"line":9,"column":13},"end":{"line":20,"column":null}},"11":{"start":{"line":9,"column":13},"end":{"line":9,"column":27}}},"fnMap":{"0":{"name":"(anonymous_3)","decl":{"start":{"line":10,"column":1},"end":{"line":10,"column":14}},"loc":{"start":{"line":10,"column":59},"end":{"line":10,"column":63}}},"1":{"name":"(anonymous_4)","decl":{"start":{"line":11,"column":1},"end":{"line":11,"column":6}},"loc":{"start":{"line":11,"column":78},"end":{"line":19,"column":2}}}},"branchMap":{"0":{"loc":{"start":{"line":12,"column":2},"end":{"line":18,"column":null}},"type":"if","locations":[{"start":{"line":12,"column":2},"end":{"line":18,"column":null}},{"start":{"line":15,"column":9},"end":{"line":18,"column":null}}]}},"s":{"0":1,"1":1,"2":1,"3":1,"4":1,"5":1,"6":1,"7":1,"8":0,"9":0,"10":1,"11":1},"f":{"0":1,"1":1},"b":{"0":[1,0]}}
,"C:\\Users\\Artemiy\\Desktop\\curseNodeJs\\appNode\\src\\errors\\http-error.class.ts": {"path":"C:\\Users\\Artemiy\\Desktop\\curseNodeJs\\appNode\\src\\errors\\http-error.class.ts","statementMap":{"0":{"start":{"line":6,"column":2},"end":{"line":6,"column":17}},"1":{"start":{"line":7,"column":2},"end":{"line":7,"column":31}},"2":{"start":{"line":8,"column":2},"end":{"line":8,"column":25}},"3":{"start":{"line":9,"column":2},"end":{"line":9,"column":23}},"4":{"start":{"line":1,"column":0},"end":{"line":1,"column":13}}},"fnMap":{"0":{"name":"(anonymous_0)","decl":{"start":{"line":5,"column":1},"end":{"line":5,"column":13}},"loc":{"start":{"line":5,"column":65},"end":{"line":10,"column":2}}}},"branchMap":{},"s":{"0":1,"1":1,"2":1,"3":1,"4":1},"f":{"0":1},"b":{}}
,"C:\\Users\\Artemiy\\Desktop\\curseNodeJs\\appNode\\src\\logger\\logger.service.ts": {"path":"C:\\Users\\Artemiy\\Desktop\\curseNodeJs\\appNode\\src\\logger\\logger.service.ts","statementMap":{"0":{"start":{"line":1,"column":0},"end":{"line":1,"column":56}},"1":{"start":{"line":3,"column":0},"end":{"line":3,"column":49}},"2":{"start":{"line":9,"column":2},"end":{"line":14,"column":32}},"3":{"start":{"line":18,"column":2},"end":{"line":18,"column":28}},"4":{"start":{"line":21,"column":2},"end":{"line":21,"column":29}},"5":{"start":{"line":24,"column":2},"end":{"line":24,"column":28}},"6":{"start":{"line":5,"column":0},"end":{"line":5,"column":13}},"7":{"start":{"line":27,"column":0},"end":{"line":27,"column":38}}},"fnMap":{"0":{"name":"(anonymous_0)","decl":{"start":{"line":8,"column":1},"end":{"line":8,"column":null}},"loc":{"start":{"line":8,"column":1},"end":{"line":15,"column":2}}},"1":{"name":"(anonymous_1)","decl":{"start":{"line":17,"column":1},"end":{"line":17,"column":4}},"loc":{"start":{"line":17,"column":23},"end":{"line":19,"column":2}}},"2":{"name":"(anonymous_2)","decl":{"start":{"line":20,"column":1},"end":{"line":20,"column":6}},"loc":{"start":{"line":20,"column":25},"end":{"line":22,"column":2}}},"3":{"name":"(anonymous_3)","decl":{"start":{"line":23,"column":1},"end":{"line":23,"column":5}},"loc":{"start":{"line":23,"column":24},"end":{"line":25,"column":2}}}},"branchMap":{},"s":{"0":1,"1":1,"2":1,"3":5,"4":1,"5":0,"6":1,"7":1},"f":{"0":1,"1":5,"2":1,"3":0},"b":{}}
,"C:\\Users\\Artemiy\\Desktop\\curseNodeJs\\appNode\\src\\users\\user.entity.ts": {"path":"C:\\Users\\Artemiy\\Desktop\\curseNodeJs\\appNode\\src\\users\\user.entity.ts","statementMap":{"0":{"start":{"line":1,"column":0},"end":{"line":1,"column":41}},"1":{"start":{"line":7,"column":19},"end":{"line":7,"column":33}},"2":{"start":{"line":8,"column":19},"end":{"line":8,"column":32}},"3":{"start":{"line":11,"column":2},"end":{"line":13,"column":null}},"4":{"start":{"line":12,"column":3},"end":{"line":12,"column":33}},"5":{"start":{"line":17,"column":2},"end":{"line":17,"column":21}},"6":{"start":{"line":21,"column":2},"end":{"line":21,"column":20}},"7":{"start":{"line":25,"column":2},"end":{"line":25,"column":24}},"8":{"start":{"line":29,"column":2},"end":{"line":29,"column":61}},"9":{"start":{"line":29,"column":20},"end":{"line":29,"column":61}},"10":{"start":{"line":32,"column":2},"end":{"line":32,"column":45}},"11":{"start":{"line":3,"column":0},"end":{"line":3,"column":13}}},"fnMap":{"0":{"name":"(anonymous_7)","decl":{"start":{"line":6,"column":1},"end":{"line":6,"column":null}},"loc":{"start":{"line":9,"column":23},"end":{"line":14,"column":2}}},"1":{"name":"(anonymous_8)","decl":{"start":{"line":16,"column":1},"end":{"line":16,"column":5}},"loc":{"start":{"line":16,"column":10},"end":{"line":18,"column":2}}},"2":{"name":"(anonymous_9)","decl":{"start":{"line":20,"column":1},"end":{"line":20,"column":5}},"loc":{"start":{"line":20,"column":9},"end":{"line":22,"column":2}}},"3":{"name":"(anonymous_10)","decl":{"start":{"line":24,"column":1},"end":{"line":24,"column":5}},"loc":{"start":{"line":24,"column":13},"end":{"line":26,"column":2}}},"4":{"name":"(anonymous_11)","decl":{"start":{"line":28,"column":14},"end":{"line":28,"column":25}},"loc":{"start":{"line":28,"column":76},"end":{"line":30,"column":null}}},"5":{"name":"(anonymous_13)","decl":{"start":{"line":31,"column":14},"end":{"line":31,"column":29}},"loc":{"start":{"line":31,"column":42},"end":{"line":33,"column":null}}}},"branchMap":{"0":{"loc":{"start":{"line":11,"column":2},"end":{"line":13,"column":null}},"type":"if","locations":[{"start":{"line":11,"column":2},"end":{"line":13,"column":null}}]},"1":{"loc":{"start":{"line":29,"column":2},"end":{"line":29,"column":61}},"type":"if","locations":[{"start":{"line":29,"column":2},"end":{"line":29,"column":61}}]},"2":{"loc":{"start":{"line":29,"column":6},"end":{"line":29,"column":18}},"type":"binary-expr","locations":[{"start":{"line":29,"column":6},"end":{"line":29,"column":10}},{"start":{"line":29,"column":14},"end":{"line":29,"column":18}}]}},"s":{"0":1,"1":4,"2":4,"3":4,"4":4,"5":0,"6":0,"7":0,"8":0,"9":0,"10":4,"11":1},"f":{"0":4,"1":0,"2":0,"3":0,"4":0,"5":4},"b":{"0":[4],"1":[0],"2":[0,0]}}
,"C:\\Users\\Artemiy\\Desktop\\curseNodeJs\\appNode\\src\\users\\users.controller.ts": {"path":"C:\\Users\\Artemiy\\Desktop\\curseNodeJs\\appNode\\src\\users\\users.controller.ts","statementMap":{"0":{"start":{"line":1,"column":0},"end":{"line":1,"column":47}},"1":{"start":{"line":2,"column":0},"end":{"line":2,"column":59}},"2":{"start":{"line":4,"column":0},"end":{"line":4,"column":55}},"3":{"start":{"line":7,"column":0},"end":{"line":7,"column":33}},"4":{"start":{"line":9,"column":0},"end":{"line":9,"column":52}},"5":{"start":{"line":10,"column":0},"end":{"line":10,"column":58}},"6":{"start":{"line":11,"column":0},"end":{"line":11,"column":67}},"7":{"start":{"line":12,"column":0},"end":{"line":12,"column":36}},"8":{"start":{"line":15,"column":0},"end":{"line":15,"column":61}},"9":{"start":{"line":18,"column":0},"end":{"line":95,"column":null}},"10":{"start":{"line":45,"column":2},"end":{"line":45,"column":23}},"11":{"start":{"line":41,"column":33},"end":{"line":41,"column":55}},"12":{"start":{"line":42,"column":37},"end":{"line":42,"column":62}},"13":{"start":{"line":43,"column":39},"end":{"line":43,"column":68}},"14":{"start":{"line":19,"column":1},"end":{"line":38,"column":3}},"15":{"start":{"line":46,"column":2},"end":{"line":46,"column":35}},"16":{"start":{"line":54,"column":17},"end":{"line":54,"column":58}},"17":{"start":{"line":56,"column":2},"end":{"line":56,"column":62}},"18":{"start":{"line":56,"column":15},"end":{"line":56,"column":62}},"19":{"start":{"line":57,"column":17},"end":{"line":57,"column":49}},"20":{"start":{"line":58,"column":14},"end":{"line":58,"column":62}},"21":{"start":{"line":59,"column":2},"end":{"line":59,"column":32}},"22":{"start":{"line":59,"column":14},"end":{"line":59,"column":32}},"23":{"start":{"line":66,"column":17},"end":{"line":66,"column":56}},"24":{"start":{"line":67,"column":2},"end":{"line":69,"column":null}},"25":{"start":{"line":68,"column":3},"end":{"line":68,"column":68}},"26":{"start":{"line":70,"column":2},"end":{"line":70,"column":55}},"27":{"start":{"line":73,"column":19},"end":{"line":73,"column":59}},"28":{"start":{"line":74,"column":2},"end":{"line":74,"column":61}},"29":{"start":{"line":78,"column":2},"end":{"line":93,"column":5}},"30":{"start":{"line":79,"column":3},"end":{"line":92,"column":5}},"31":{"start":{"line":89,"column":5},"end":{"line":89,"column":26}},"32":{"start":{"line":89,"column":14},"end":{"line":89,"column":26}},"33":{"start":{"line":90,"column":5},"end":{"line":90,"column":30}},"34":{"start":{"line":18,"column":13},"end":{"line":95,"column":null}},"35":{"start":{"line":18,"column":13},"end":{"line":18,"column":27}}},"fnMap":{"0":{"name":"(anonymous_10)","decl":{"start":{"line":40,"column":1},"end":{"line":40,"column":null}},"loc":{"start":{"line":43,"column":68},"end":{"line":47,"column":2}}},"1":{"name":"(anonymous_11)","decl":{"start":{"line":49,"column":7},"end":{"line":49,"column":12}},"loc":{"start":{"line":52,"column":20},"end":{"line":60,"column":null}}},"2":{"name":"(anonymous_13)","decl":{"start":{"line":61,"column":7},"end":{"line":61,"column":15}},"loc":{"start":{"line":64,"column":20},"end":{"line":71,"column":null}}},"3":{"name":"(anonymous_15)","decl":{"start":{"line":72,"column":7},"end":{"line":72,"column":11}},"loc":{"start":{"line":72,"column":64},"end":{"line":75,"column":null}}},"4":{"name":"(anonymous_17)","decl":{"start":{"line":77,"column":9},"end":{"line":77,"column":16}},"loc":{"start":{"line":77,"column":46},"end":{"line":94,"column":2}}},"5":{"name":"(anonymous_18)","decl":{"start":{"line":78,"column":29},"end":{"line":78,"column":30}},"loc":{"start":{"line":78,"column":49},"end":{"line":93,"column":3}}},"6":{"name":"(anonymous_19)","decl":{"start":{"line":88,"column":4},"end":{"line":88,"column":5}},"loc":{"start":{"line":88,"column":19},"end":{"line":91,"column":5}}}},"branchMap":{"0":{"loc":{"start":{"line":56,"column":2},"end":{"line":56,"column":62}},"type":"if","locations":[{"start":{"line":56,"column":2},"end":{"line":56,"column":62}}]},"1":{"loc":{"start":{"line":59,"column":2},"end":{"line":59,"column":32}},"type":"if","locations":[{"start":{"line":59,"column":2},"end":{"line":59,"column":32}}]},"2":{"loc":{"start":{"line":67,"column":2},"end":{"line":69,"column":null}},"type":"if","locations":[{"start":{"line":67,"column":2},"end":{"line":69,"column":null}}]},"3":{"loc":{"start":{"line":74,"column":24},"end":{"line":74,"column":39}},"type":"cond-expr","locations":[{"start":{"line":74,"column":32},"end":{"line":74,"column":34}},{"start":{"line":74,"column":24},"end":{"line":74,"column":39}}]},"4":{"loc":{"start":{"line":74,"column":24},"end":{"line":74,"column":34}},"type":"binary-expr","locations":[{"start":{"line":74,"column":24},"end":{"line":74,"column":34}},{"start":{"line":74,"column":24},"end":{"line":74,"column":34}}]},"5":{"loc":{"start":{"line":74,"column":45},"end":{"line":74,"column":57}},"type":"cond-expr","locations":[{"start":{"line":74,"column":53},"end":{"line":74,"column":55}},{"start":{"line":74,"column":45},"end":{"line":74,"column":57}}]},"6":{"loc":{"start":{"line":74,"column":45},"end":{"line":74,"column":55}},"type":"binary-expr","locations":[{"start":{"line":74,"column":45},"end":{"line":74,"column":55}},{"start":{"line":74,"column":45},"end":{"line":74,"column":55}}]},"7":{"loc":{"start":{"line":89,"column":5},"end":{"line":89,"column":26}},"type":"if","locations":[{"start":{"line":89,"column":5},"end":{"line":89,"column":26}}]}},"s":{"0":1,"1":1,"2":1,"3":1,"4":1,"5":1,"6":1,"7":1,"8":1,"9":1,"10":1,"11":1,"12":1,"13":1,"14":1,"15":1,"16":4,"17":4,"18":1,"19":4,"20":4,"21":4,"22":3,"23":0,"24":0,"25":0,"26":0,"27":1,"28":1,"29":4,"30":4,"31":4,"32":0,"33":4,"34":1,"35":1},"f":{"0":1,"1":4,"2":0,"3":1,"4":4,"5":4,"6":4},"b":{"0":[1],"1":[3],"2":[0],"3":[0,1],"4":[1,1],"5":[0,1],"6":[1,1],"7":[0]}}
,"C:\\Users\\Artemiy\\Desktop\\curseNodeJs\\appNode\\src\\users\\users.repository.ts": {"path":"C:\\Users\\Artemiy\\Desktop\\curseNodeJs\\appNode\\src\\users\\users.repository.ts","statementMap":{"0":{"start":{"line":4,"column":0},"end":{"line":4,"column":47}},"1":{"start":{"line":5,"column":0},"end":{"line":5,"column":33}},"2":{"start":{"line":9,"column":0},"end":{"line":30,"column":null}},"3":{"start":{"line":10,"column":50},"end":{"line":10,"column":78}},"4":{"start":{"line":12,"column":2},"end":{"line":20,"column":null}},"5":{"start":{"line":13,"column":3},"end":{"line":19,"column":6}},"6":{"start":{"line":21,"column":2},"end":{"line":21,"column":14}},"7":{"start":{"line":24,"column":2},"end":{"line":28,"column":5}},"8":{"start":{"line":9,"column":13},"end":{"line":30,"column":null}},"9":{"start":{"line":9,"column":13},"end":{"line":9,"column":28}}},"fnMap":{"0":{"name":"(anonymous_10)","decl":{"start":{"line":10,"column":1},"end":{"line":10,"column":14}},"loc":{"start":{"line":10,"column":78},"end":{"line":10,"column":82}}},"1":{"name":"(anonymous_11)","decl":{"start":{"line":11,"column":7},"end":{"line":11,"column":13}},"loc":{"start":{"line":11,"column":45},"end":{"line":22,"column":null}}},"2":{"name":"(anonymous_13)","decl":{"start":{"line":23,"column":7},"end":{"line":23,"column":11}},"loc":{"start":{"line":23,"column":37},"end":{"line":29,"column":null}}}},"branchMap":{"0":{"loc":{"start":{"line":12,"column":2},"end":{"line":20,"column":null}},"type":"if","locations":[{"start":{"line":12,"column":2},"end":{"line":20,"column":null}}]},"1":{"loc":{"start":{"line":12,"column":6},"end":{"line":12,"column":31}},"type":"binary-expr","locations":[{"start":{"line":12,"column":6},"end":{"line":12,"column":11}},{"start":{"line":12,"column":15},"end":{"line":12,"column":19}},{"start":{"line":12,"column":23},"end":{"line":12,"column":31}}]}},"s":{"0":1,"1":1,"2":1,"3":1,"4":0,"5":0,"6":0,"7":5,"8":1,"9":1},"f":{"0":1,"1":0,"2":5},"b":{"0":[0],"1":[0,0,0]}}
,"C:\\Users\\Artemiy\\Desktop\\curseNodeJs\\appNode\\src\\users\\users.service.ts": {"path":"C:\\Users\\Artemiy\\Desktop\\curseNodeJs\\appNode\\src\\users\\users.service.ts","statementMap":{"0":{"start":{"line":1,"column":0},"end":{"line":1,"column":47}},"1":{"start":{"line":4,"column":0},"end":{"line":4,"column":37}},"2":{"start":{"line":6,"column":0},"end":{"line":6,"column":33}},"3":{"start":{"line":12,"column":0},"end":{"line":40,"column":null}},"4":{"start":{"line":14,"column":39},"end":{"line":14,"column":68}},"5":{"start":{"line":15,"column":41},"end":{"line":15,"column":74}},"6":{"start":{"line":18,"column":18},"end":{"line":18,"column":39}},"7":{"start":{"line":19,"column":15},"end":{"line":19,"column":45}},"8":{"start":{"line":20,"column":2},"end":{"line":20,"column":44}},"9":{"start":{"line":21,"column":22},"end":{"line":21,"column":60}},"10":{"start":{"line":22,"column":2},"end":{"line":22,"column":31}},"11":{"start":{"line":22,"column":19},"end":{"line":22,"column":31}},"12":{"start":{"line":26,"column":2},"end":{"line":26,"column":46}},"13":{"start":{"line":29,"column":22},"end":{"line":29,"column":60}},"14":{"start":{"line":30,"column":2},"end":{"line":33,"column":null}},"15":{"start":{"line":31,"column":19},"end":{"line":31,"column":86}},"16":{"start":{"line":32,"column":3},"end":{"line":32,"column":44}},"17":{"start":{"line":34,"column":2},"end":{"line":34,"column":15}},"18":{"start":{"line":38,"column":2},"end":{"line":38,"column":42}},"19":{"start":{"line":12,"column":13},"end":{"line":40,"column":null}},"20":{"start":{"line":12,"column":13},"end":{"line":12,"column":24}}},"fnMap":{"0":{"name":"(anonymous_10)","decl":{"start":{"line":13,"column":1},"end":{"line":13,"column":null}},"loc":{"start":{"line":15,"column":74},"end":{"line":16,"column":5}}},"1":{"name":"(anonymous_11)","decl":{"start":{"line":17,"column":7},"end":{"line":17,"column":17}},"loc":{"start":{"line":17,"column":60},"end":{"line":27,"column":null}}},"2":{"name":"(anonymous_13)","decl":{"start":{"line":28,"column":7},"end":{"line":28,"column":19}},"loc":{"start":{"line":28,"column":53},"end":{"line":35,"column":null}}},"3":{"name":"(anonymous_15)","decl":{"start":{"line":37,"column":7},"end":{"line":37,"column":18}},"loc":{"start":{"line":37,"column":32},"end":{"line":39,"column":null}}}},"branchMap":{"0":{"loc":{"start":{"line":22,"column":2},"end":{"line":22,"column":31}},"type":"if","locations":[{"start":{"line":22,"column":2},"end":{"line":22,"column":31}}]},"1":{"loc":{"start":{"line":30,"column":2},"end":{"line":33,"column":null}},"type":"if","locations":[{"start":{"line":30,"column":2},"end":{"line":33,"column":null}}]}},"s":{"0":1,"1":1,"2":1,"3":1,"4":1,"5":1,"6":0,"7":0,"8":0,"9":0,"10":0,"11":0,"12":0,"13":4,"14":4,"15":4,"16":4,"17":0,"18":1,"19":1,"20":1},"f":{"0":1,"1":0,"2":4,"3":1},"b":{"0":[0],"1":[4]}}
,"C:\\Users\\Artemiy\\Desktop\\curseNodeJs\\appNode\\src\\users\\dto\\user-login.dto.ts": {"path":"C:\\Users\\Artemiy\\Desktop\\curseNodeJs\\appNode\\src\\users\\dto\\user-login.dto.ts","statementMap":{"0":{"start":{"line":1,"column":0},"end":{"line":1,"column":52}},"1":{"start":{"line":5,"column":1},"end":{"line":5,"column":null}},"2":{"start":{"line":7,"column":1},"end":{"line":7,"column":null}},"3":{"start":{"line":3,"column":0},"end":{"line":3,"column":13}}},"fnMap":{},"branchMap":{},"s":{"0":1,"1":1,"2":1,"3":1},"f":{},"b":{}}
,"C:\\Users\\Artemiy\\Desktop\\curseNodeJs\\appNode\\src\\users\\dto\\user-register.dto.ts": {"path":"C:\\Users\\Artemiy\\Desktop\\curseNodeJs\\appNode\\src\\users\\dto\\user-register.dto.ts","statementMap":{"0":{"start":{"line":1,"column":0},"end":{"line":1,"column":52}},"1":{"start":{"line":5,"column":1},"end":{"line":5,"column":null}},"2":{"start":{"line":7,"column":1},"end":{"line":7,"column":null}},"3":{"start":{"line":9,"column":1},"end":{"line":9,"column":null}},"4":{"start":{"line":3,"column":0},"end":{"line":3,"column":13}}},"fnMap":{},"branchMap":{},"s":{"0":1,"1":1,"2":1,"3":1,"4":1},"f":{},"b":{}}
}
