TN:
SF:src\app.ts
FN:20,(anonymous_11)
FN:32,(anonymous_12)
FN:38,(anonymous_13)
FN:42,(anonymous_14)
FN:46,(anonymous_15)
FN:55,(anonymous_17)
FNF:6
FNH:6
FNDA:1,(anonymous_11)
FNDA:1,(anonymous_12)
FNDA:1,(anonymous_13)
FNDA:1,(anonymous_14)
FNDA:1,(anonymous_15)
FNDA:1,(anonymous_17)
DA:1,1
DA:3,1
DA:7,1
DA:8,1
DA:11,1
DA:15,1
DA:21,1
DA:22,1
DA:23,1
DA:24,1
DA:25,1
DA:27,1
DA:28,1
DA:29,1
DA:33,1
DA:34,1
DA:35,1
DA:39,1
DA:43,1
DA:47,1
DA:48,1
DA:49,1
DA:50,1
DA:51,1
DA:52,1
DA:56,1
LF:26
LH:26
BRDA:56,0,0,0
BRDA:56,0,1,1
BRDA:56,1,0,1
BRDA:56,1,1,1
BRF:4
BRH:3
end_of_record
TN:
SF:src\main.ts
FN:23,(anonymous_7)
FN:34,bootstrap
FNF:2
FNH:2
FNDA:1,(anonymous_7)
FNDA:1,bootstrap
DA:1,1
DA:2,1
DA:3,1
DA:4,1
DA:5,1
DA:7,1
DA:11,1
DA:13,1
DA:14,1
DA:16,1
DA:23,1
DA:24,1
DA:25,1
DA:26,1
DA:27,1
DA:28,1
DA:29,1
DA:30,1
DA:31,1
DA:35,1
DA:36,1
DA:37,1
DA:38,1
DA:39,1
DA:42,1
LF:25
LH:25
BRF:0
BRH:0
end_of_record
TN:
SF:src\types.ts
FNF:0
FNH:0
DA:1,1
LF:1
LH:1
BRF:0
BRH:0
end_of_record
TN:
SF:src\common\auth.middleware.ts
FN:6,(anonymous_0)
FN:8,(anonymous_1)
FN:11,(anonymous_2)
FNF:3
FNH:3
FNDA:1,(anonymous_0)
FNDA:7,(anonymous_1)
FNDA:2,(anonymous_2)
DA:3,1
DA:5,1
DA:6,1
DA:9,7
DA:10,2
DA:11,2
DA:12,2
DA:13,1
DA:14,1
DA:15,1
DA:16,1
DA:21,5
LF:12
LH:12
BRDA:9,0,0,2
BRDA:9,0,1,5
BRDA:10,1,0,2
BRDA:12,2,0,1
BRDA:12,2,1,1
BRDA:14,3,0,1
BRF:6
BRH:6
end_of_record
TN:
SF:src\common\base.controller.ts
FN:9,(anonymous_1)
FN:13,(anonymous_2)
FN:17,(anonymous_3)
FN:22,(anonymous_4)
FN:26,(anonymous_5)
FN:30,(anonymous_6)
FN:33,(anonymous_7)
FNF:7
FNH:6
FNDA:1,(anonymous_1)
FNDA:4,(anonymous_2)
FNDA:4,(anonymous_3)
FNDA:4,(anonymous_4)
FNDA:0,(anonymous_5)
FNDA:1,(anonymous_6)
FNDA:3,(anonymous_7)
DA:1,1
DA:4,1
DA:7,1
DA:9,1
DA:10,1
DA:14,4
DA:18,4
DA:19,4
DA:23,4
DA:27,0
DA:31,1
DA:32,3
DA:33,3
DA:34,3
DA:35,3
DA:36,3
LF:16
LH:15
BRDA:33,0,0,0
BRDA:33,0,1,3
BRDA:33,1,0,3
BRDA:33,1,1,3
BRDA:35,2,0,3
BRDA:35,2,1,0
BRF:6
BRH:4
end_of_record
TN:
SF:src\common\guard.middleware.ts
FN:5,(anonymous_0)
FNF:1
FNH:1
FNDA:2,(anonymous_0)
DA:4,1
DA:6,2
DA:7,1
DA:9,1
LF:4
LH:4
BRDA:6,0,0,1
BRF:1
BRH:1
end_of_record
TN:
SF:src\common\validate.middleware.ts
FN:7,(anonymous_0)
FN:9,(anonymous_1)
FN:11,(anonymous_2)
FNF:3
FNH:3
FNDA:2,(anonymous_0)
FNDA:5,(anonymous_1)
FNDA:5,(anonymous_2)
DA:3,1
DA:4,1
DA:6,1
DA:7,2
DA:10,5
DA:11,5
DA:12,5
DA:13,1
DA:15,4
LF:9
LH:9
BRDA:12,0,0,1
BRDA:12,0,1,4
BRF:2
BRH:2
end_of_record
TN:
SF:src\config\config.service.ts
FN:10,(anonymous_3)
FN:19,(anonymous_4)
FNF:2
FNH:2
FNDA:3,(anonymous_3)
FNDA:5,(anonymous_4)
DA:1,1
DA:3,1
DA:4,1
DA:8,1
DA:10,3
DA:11,3
DA:12,3
DA:13,0
DA:15,3
DA:20,5
LF:10
LH:9
BRDA:12,0,0,0
BRDA:12,0,1,3
BRDA:20,1,0,5
BRF:3
BRH:2
end_of_record
TN:
SF:src\database\prisma.service.ts
FN:10,(anonymous_10)
FN:14,(anonymous_11)
FN:23,(anonymous_13)
FNF:3
FNH:2
FNDA:1,(anonymous_10)
FNDA:1,(anonymous_11)
FNDA:0,(anonymous_13)
DA:1,1
DA:2,1
DA:4,1
DA:7,1
DA:10,1
DA:11,1
DA:15,1
DA:16,1
DA:17,1
DA:19,0
DA:20,0
DA:24,0
LF:12
LH:9
BRDA:19,0,0,0
BRF:1
BRH:0
end_of_record
TN:
SF:src\errors\exeption.filter.ts
FN:10,(anonymous_3)
FN:11,(anonymous_4)
FNF:2
FNH:2
FNDA:1,(anonymous_3)
FNDA:1,(anonymous_4)
DA:3,1
DA:4,1
DA:6,1
DA:9,1
DA:10,1
DA:12,1
DA:13,1
DA:14,1
DA:16,0
DA:17,0
LF:10
LH:8
BRDA:12,0,0,1
BRDA:12,0,1,0
BRF:2
BRH:1
end_of_record
TN:
SF:src\errors\http-error.class.ts
FN:5,(anonymous_0)
FNF:1
FNH:1
FNDA:1,(anonymous_0)
DA:1,1
DA:6,1
DA:7,1
DA:8,1
DA:9,1
LF:5
LH:5
BRF:0
BRH:0
end_of_record
TN:
SF:src\logger\logger.service.ts
FN:8,(anonymous_0)
FN:17,(anonymous_1)
FN:20,(anonymous_2)
FN:23,(anonymous_3)
FNF:4
FNH:3
FNDA:1,(anonymous_0)
FNDA:5,(anonymous_1)
FNDA:1,(anonymous_2)
FNDA:0,(anonymous_3)
DA:1,1
DA:3,1
DA:5,1
DA:9,1
DA:18,5
DA:21,1
DA:24,0
DA:27,1
LF:8
LH:7
BRF:0
BRH:0
end_of_record
TN:
SF:src\users\user.entity.ts
FN:6,(anonymous_7)
FN:16,(anonymous_8)
FN:20,(anonymous_9)
FN:24,(anonymous_10)
FN:28,(anonymous_11)
FN:31,(anonymous_13)
FNF:6
FNH:2
FNDA:4,(anonymous_7)
FNDA:0,(anonymous_8)
FNDA:0,(anonymous_9)
FNDA:0,(anonymous_10)
FNDA:0,(anonymous_11)
FNDA:4,(anonymous_13)
DA:1,1
DA:3,1
DA:7,4
DA:8,4
DA:11,4
DA:12,4
DA:17,0
DA:21,0
DA:25,0
DA:29,0
DA:32,4
LF:11
LH:7
BRDA:11,0,0,4
BRDA:29,1,0,0
BRDA:29,2,0,0
BRDA:29,2,1,0
BRF:4
BRH:1
end_of_record
TN:
SF:src\users\users.controller.ts
FN:40,(anonymous_10)
FN:49,(anonymous_11)
FN:61,(anonymous_13)
FN:72,(anonymous_15)
FN:77,(anonymous_17)
FN:78,(anonymous_18)
FN:88,(anonymous_19)
FNF:7
FNH:6
FNDA:1,(anonymous_10)
FNDA:4,(anonymous_11)
FNDA:0,(anonymous_13)
FNDA:1,(anonymous_15)
FNDA:4,(anonymous_17)
FNDA:4,(anonymous_18)
FNDA:4,(anonymous_19)
DA:1,1
DA:2,1
DA:4,1
DA:7,1
DA:9,1
DA:10,1
DA:11,1
DA:12,1
DA:15,1
DA:18,1
DA:19,1
DA:41,1
DA:42,1
DA:43,1
DA:45,1
DA:46,1
DA:54,4
DA:56,4
DA:57,4
DA:58,4
DA:59,4
DA:66,0
DA:67,0
DA:68,0
DA:70,0
DA:73,1
DA:74,1
DA:78,4
DA:79,4
DA:89,4
DA:90,4
LF:31
LH:27
BRDA:56,0,0,1
BRDA:59,1,0,3
BRDA:67,2,0,0
BRDA:74,3,0,0
BRDA:74,3,1,1
BRDA:74,4,0,1
BRDA:74,4,1,1
BRDA:74,5,0,0
BRDA:74,5,1,1
BRDA:74,6,0,1
BRDA:74,6,1,1
BRDA:89,7,0,0
BRF:12
BRH:8
end_of_record
TN:
SF:src\users\users.repository.ts
FN:10,(anonymous_10)
FN:11,(anonymous_11)
FN:23,(anonymous_13)
FNF:3
FNH:2
FNDA:1,(anonymous_10)
FNDA:0,(anonymous_11)
FNDA:5,(anonymous_13)
DA:4,1
DA:5,1
DA:9,1
DA:10,1
DA:12,0
DA:13,0
DA:21,0
DA:24,5
LF:8
LH:5
BRDA:12,0,0,0
BRDA:12,1,0,0
BRDA:12,1,1,0
BRDA:12,1,2,0
BRF:4
BRH:0
end_of_record
TN:
SF:src\users\users.service.ts
FN:13,(anonymous_10)
FN:17,(anonymous_11)
FN:28,(anonymous_13)
FN:37,(anonymous_15)
FNF:4
FNH:3
FNDA:1,(anonymous_10)
FNDA:0,(anonymous_11)
FNDA:4,(anonymous_13)
FNDA:1,(anonymous_15)
DA:1,1
DA:4,1
DA:6,1
DA:12,1
DA:14,1
DA:15,1
DA:18,0
DA:19,0
DA:20,0
DA:21,0
DA:22,0
DA:26,0
DA:29,4
DA:30,4
DA:31,4
DA:32,4
DA:34,0
DA:38,1
LF:18
LH:11
BRDA:22,0,0,0
BRDA:30,1,0,4
BRF:2
BRH:1
end_of_record
TN:
SF:src\users\dto\user-login.dto.ts
FNF:0
FNH:0
DA:1,1
DA:3,1
DA:5,1
DA:7,1
LF:4
LH:4
BRF:0
BRH:0
end_of_record
TN:
SF:src\users\dto\user-register.dto.ts
FNF:0
FNH:0
DA:1,1
DA:3,1
DA:5,1
DA:7,1
DA:9,1
LF:5
LH:5
BRF:0
BRH:0
end_of_record
